<?xml version="1.0" encoding="UTF-8"?>
<!-- Generated by org.testng.reporters.JUnitReportReporter -->
<testsuite hostname="PRATIK" failures="0" tests="1" name="com.inetbanking.testCases.TC001_loginTest" time="1.295" errors="0" timestamp="2024-05-26T12:54:42 IST" skipped="0">
  <testcase classname="com.inetbanking.testCases.TC001_loginTest" name="loginTest" time="1.295"/>
</testsuite> <!-- com.inetbanking.testCases.TC001_loginTest -->
