<?xml version="1.0" encoding="UTF-8"?>
<!-- Generated by org.testng.reporters.JUnitReportReporter -->
<testsuite hostname="PRATIK" failures="0" tests="1" name="com.inetbanking.testCases.TC002_addCustomer" time="19.185" errors="0" timestamp="2024-05-26T17:31:53 IST" skipped="0">
  <testcase classname="com.inetbanking.testCases.TC002_addCustomer" name="addNewCustomer" time="19.185"/>
</testsuite> <!-- com.inetbanking.testCases.TC002_addCustomer -->
